<?xml version="1.0" encoding="UTF-8"?>
<!-- Generated by org.testng.reporters.JUnitReportReporter -->
<testsuite hostname="MindSDET459" failures="0" tests="10" name="com.mindtree.runner.TestRunner" time="196.305" errors="0" timestamp="2022-01-24T23:44:29 GMT+05:30" skipped="0">
  <testcase classname="com.mindtree.runner.TestRunner" name="runScenario" time="20.793"/>
  <testcase classname="com.mindtree.runner.TestRunner" name="runScenario" time="11.256"/>
  <testcase classname="com.mindtree.runner.TestRunner" name="runScenario" time="24.484"/>
  <testcase classname="com.mindtree.runner.TestRunner" name="runScenario" time="22.513"/>
  <testcase classname="com.mindtree.runner.TestRunner" name="runScenario" time="7.282"/>
  <testcase classname="com.mindtree.runner.TestRunner" name="runScenario" time="20.599"/>
  <testcase classname="com.mindtree.runner.TestRunner" name="runScenario" time="27.543"/>
  <testcase classname="com.mindtree.runner.TestRunner" name="runScenario" time="5.374"/>
  <testcase classname="com.mindtree.runner.TestRunner" name="runScenario" time="26.618"/>
  <testcase classname="com.mindtree.runner.TestRunner" name="runScenario" time="29.843"/>
</testsuite> <!-- com.mindtree.runner.TestRunner -->
